autoscan: warning: missing AC_CHECK_FUNCS([gettimeofday]) wanted by: 
	src/centroidalifold/contrafold/Utilities.cpp:323
	src/centroidalifold/contralign/Utilities.cpp:316
	src/centroidalifold/engine/alifold.cpp:66
	src/centroidalifold/engine/contrafold.cpp:42
	src/centroidalifold/engine/contrafoldhom.cpp:23
	src/centroidalifold/engine/contrafoldm.cpp:44
	src/centroidalifold/engine/mccaskill.cpp:70
	src/centroidalifold/engine/mccaskillhom.cpp:46
	src/contrafold/Utilities.cpp:323
autoscan: warning: missing AC_CHECK_FUNCS([memset]) wanted by: 
	src/ushuffle.c:77
autoscan: warning: missing AC_CHECK_FUNCS([sqrt]) wanted by: 
	src/ushuffle.c:110
	src/centroidalifold/folding_engine.cpp:489
	src/centroidalifold/folding_engine.cpp:541
	src/centroidalifold/naview.c:463
	src/centroidalifold/naview.c:685
	src/centroidalifold/naview.c:690
	src/centroidalifold/naview.c:696
	src/centroidalifold/naview.c:742
	src/centroidalifold/naview.c:747
	src/centroidalifold/naview.c:981
	src/centroidalifold/naview.c:1006
	src/centroidalifold/naview.c:1046
	src/centroidalifold/naview.c:1123
	src/centroidalifold/engine/averaged.cpp:281
autoscan: warning: missing AC_CHECK_FUNCS([strdup]) wanted by: 
	src/centroidalifold/engine/pfold.cpp:57
autoscan: warning: missing AC_CHECK_FUNCS([strtol]) wanted by: 
	src/cmdline.c:526
	src/cmdline1.c:526
	src/centroidalifold/contrafold/Utilities.cpp:81
	src/centroidalifold/contrafold/Utilities.cpp:95
	src/centroidalifold/contrafold/Utilities.cpp:108
	src/centroidalifold/contralign/Utilities.cpp:74
	src/centroidalifold/contralign/Utilities.cpp:88
	src/centroidalifold/contralign/Utilities.cpp:101
	src/contrafold/Utilities.cpp:81
	src/contrafold/Utilities.cpp:95
	src/contrafold/Utilities.cpp:108
autoscan: warning: missing AC_CHECK_FUNCS([strtoul]) wanted by: 
	src/centroidalifold/contrafold/Utilities.cpp:119
	src/centroidalifold/contralign/Utilities.cpp:112
	src/contrafold/Utilities.cpp:119
autoscan: warning: missing AC_CHECK_FUNCS([strtoull]) wanted by: 
	src/centroidalifold/contrafold/Utilities.cpp:147
	src/centroidalifold/contralign/Utilities.cpp:140
	src/contrafold/Utilities.cpp:147
autoscan: warning: missing AC_CHECK_HEADERS([sys/time.h]) wanted by: 
	src/ractip.cpp:28
	src/ractip_hom.cpp:28
	src/centroidalifold/contrafold/Utilities.hpp:25
	src/centroidalifold/contralign/Utilities.hpp:25
	src/centroidalifold/engine/alifold.cpp:31
	src/centroidalifold/engine/contrafold.cpp:28
	src/centroidalifold/engine/contrafoldhom.cpp:7
	src/centroidalifold/engine/contrafoldm.cpp:28
	src/centroidalifold/engine/mccaskill.cpp:31
	src/centroidalifold/engine/mccaskillhom.cpp:10
	src/contrafold/Utilities.hpp:25
autoscan: warning: missing AC_FUNC_MALLOC wanted by: 
	src/cmdline.c:240
	src/cmdline.c:396
	src/cmdline.c:924
	src/cmdline1.c:240
	src/cmdline1.c:396
	src/cmdline1.c:924
	src/ractip.cpp:517
	src/ractip_hom.cpp:542
	src/ushuffle.c:73
	src/centroidalifold/naview.c:146
	src/centroidalifold/naview.c:147
	src/centroidalifold/naview.c:153
	src/centroidalifold/naview.c:202
	src/centroidalifold/naview.c:248
	src/centroidalifold/ps_plot.cpp:157
	src/centroidalifold/ps_plot.cpp:158
	src/centroidalifold/ps_plot.cpp:275
	src/centroidalifold/ps_plot.cpp:276
	src/centroidalifold/ps_plot.cpp:400
	src/centroidalifold/ps_plot.cpp:401
	src/centroidalifold/engine/pfold.cpp:102
	src/centroidalifold/engine/pfold.cpp:111
	src/centroidalifold/engine/pfold.cpp:120
	src/centroidalifold/engine/pfold.cpp:130
autoscan: warning: missing AC_FUNC_REALLOC wanted by: 
	src/centroidalifold/naview.c:278
	src/centroidalifold/naview.c:297
autoscan: warning: missing AC_FUNC_STRTOD wanted by: 
	src/cmdline.c:529
	src/cmdline1.c:529
	src/centroidalifold/contrafold/Utilities.cpp:172
	src/centroidalifold/contrafold/Utilities.cpp:186
	src/centroidalifold/contralign/Utilities.cpp:165
	src/centroidalifold/contralign/Utilities.cpp:179
	src/contrafold/Utilities.cpp:172
	src/contrafold/Utilities.cpp:186
autoscan: warning: missing AC_TYPE_SIZE_T wanted by: 
	src/ushuffle.c:70
	src/centroidalifold/contrafold/ParameterManager.hpp:113
	src/centroidalifold/contrafold/ParameterManager.hpp:114
	src/centroidalifold/contrafold/ParameterManager.hpp:115
	src/centroidalifold/contrafold/SStruct.cpp:56
	src/centroidalifold/contrafold/SStruct.cpp:141
	src/centroidalifold/contrafold/SStruct.cpp:152
	src/centroidalifold/contrafold/SStruct.cpp:158
	src/centroidalifold/contrafold/SStruct.cpp:163
	src/centroidalifold/contrafold/SStruct.cpp:216
	src/centroidalifold/contrafold/SStruct.cpp:334
	src/centroidalifold/contrafold/SStruct.cpp:369
	src/centroidalifold/contrafold/SStruct.cpp:533
	src/centroidalifold/contrafold/SStruct.cpp:550
	src/centroidalifold/contrafold/SStruct.cpp:571
	src/centroidalifold/contrafold/SStruct.cpp:573
	src/centroidalifold/contrafold/SStruct.cpp:582
	src/centroidalifold/contrafold/SStruct.cpp:612
	src/centroidalifold/contrafold/SStruct.cpp:617
	src/centroidalifold/contrafold/SStruct.cpp:623
	src/centroidalifold/contrafold/SStruct.cpp:664
	src/centroidalifold/contrafold/Utilities.cpp:203
	src/centroidalifold/contrafold/Utilities.cpp:217
	src/centroidalifold/contrafold/Utilities.cpp:245
	src/centroidalifold/contrafold/Utilities.cpp:382
	src/centroidalifold/contrafold/Utilities.cpp:399
	src/centroidalifold/contralign/Contralign.cpp:402
	src/centroidalifold/contralign/Contralign.cpp:409
	src/centroidalifold/contralign/Contralign.cpp:500
	src/centroidalifold/contralign/MultiSequence.cpp:37
	src/centroidalifold/contralign/MultiSequence.cpp:60
	src/centroidalifold/contralign/MultiSequence.cpp:68
	src/centroidalifold/contralign/MultiSequence.cpp:86
	src/centroidalifold/contralign/MultiSequence.cpp:99
	src/centroidalifold/contralign/MultiSequence.cpp:102
	src/centroidalifold/contralign/MultiSequence.cpp:120
	src/centroidalifold/contralign/MultiSequence.cpp:148
	src/centroidalifold/contralign/MultiSequence.cpp:150
	src/centroidalifold/contralign/MultiSequence.cpp:198
	src/centroidalifold/contralign/MultiSequence.cpp:229
	src/centroidalifold/contralign/MultiSequence.cpp:257
	src/centroidalifold/contralign/MultiSequence.cpp:263
	src/centroidalifold/contralign/MultiSequence.cpp:283
	src/centroidalifold/contralign/MultiSequence.cpp:289
	src/centroidalifold/contralign/MultiSequence.cpp:307
	src/centroidalifold/contralign/MultiSequence.cpp:310
	src/centroidalifold/contralign/MultiSequence.cpp:377
	src/centroidalifold/contralign/MultiSequence.cpp:387
	src/centroidalifold/contralign/MultiSequence.cpp:411
	src/centroidalifold/contralign/MultiSequence.cpp:427
	src/centroidalifold/contralign/MultiSequence.cpp:432
	src/centroidalifold/contralign/MultiSequence.cpp:462
	src/centroidalifold/contralign/MultiSequence.cpp:482
	src/centroidalifold/contralign/MultiSequence.cpp:515
	src/centroidalifold/contralign/MultiSequence.cpp:607
	src/centroidalifold/contralign/MultiSequence.cpp:613
	src/centroidalifold/contralign/ParameterManager.hpp:113
	src/centroidalifold/contralign/ParameterManager.hpp:114
	src/centroidalifold/contralign/ParameterManager.hpp:115
	src/centroidalifold/contralign/Sequence.cpp:90
	src/centroidalifold/contralign/Sequence.cpp:106
	src/centroidalifold/contralign/Sequence.cpp:108
	src/centroidalifold/contralign/SStruct.cpp:56
	src/centroidalifold/contralign/SStruct.cpp:141
	src/centroidalifold/contralign/SStruct.cpp:152
	src/centroidalifold/contralign/SStruct.cpp:158
	src/centroidalifold/contralign/SStruct.cpp:163
	src/centroidalifold/contralign/SStruct.cpp:216
	src/centroidalifold/contralign/SStruct.cpp:334
	src/centroidalifold/contralign/SStruct.cpp:369
	src/centroidalifold/contralign/SStruct.cpp:533
	src/centroidalifold/contralign/SStruct.cpp:550
	src/centroidalifold/contralign/SStruct.cpp:571
	src/centroidalifold/contralign/SStruct.cpp:573
	src/centroidalifold/contralign/SStruct.cpp:582
	src/centroidalifold/contralign/SStruct.cpp:612
	src/centroidalifold/contralign/SStruct.cpp:617
	src/centroidalifold/contralign/SStruct.cpp:623
	src/centroidalifold/contralign/Utilities.cpp:196
	src/centroidalifold/contralign/Utilities.cpp:210
	src/centroidalifold/contralign/Utilities.cpp:238
	src/centroidalifold/contralign/Utilities.cpp:375
	src/centroidalifold/contralign/Utilities.cpp:392
	src/centroidalifold/probconsRNA/SafeVector.h:27
	src/centroidalifold/probconsRNA/SafeVector.h:28
	src/centroidalifold/probconsRNA/SafeVector.h:36
	src/centroidalifold/probconsRNA/SafeVector.h:42
	src/contrafold/ParameterManager.hpp:113
	src/contrafold/ParameterManager.hpp:114
	src/contrafold/ParameterManager.hpp:115
	src/contrafold/SStruct.cpp:56
	src/contrafold/SStruct.cpp:141
	src/contrafold/SStruct.cpp:152
	src/contrafold/SStruct.cpp:158
	src/contrafold/SStruct.cpp:163
	src/contrafold/SStruct.cpp:216
	src/contrafold/SStruct.cpp:334
	src/contrafold/SStruct.cpp:369
	src/contrafold/SStruct.cpp:533
	src/contrafold/SStruct.cpp:550
	src/contrafold/SStruct.cpp:571
	src/contrafold/SStruct.cpp:573
	src/contrafold/SStruct.cpp:582
	src/contrafold/SStruct.cpp:612
	src/contrafold/SStruct.cpp:617
	src/contrafold/SStruct.cpp:623
	src/contrafold/SStruct.cpp:664
	src/contrafold/Utilities.cpp:203
	src/contrafold/Utilities.cpp:217
	src/contrafold/Utilities.cpp:245
	src/contrafold/Utilities.cpp:382
	src/contrafold/Utilities.cpp:399
