This file contains any messages produced by compilers while
running configure, to aid debugging if configure makes a mistake.

It was created by ractip_hom configure 0.0.1, which was
generated by GNU Autoconf 2.69.  Invocation command line was

  $ ./configure --with-vienna-rna=/usr/local/Cellar/viennarna/2.1.8 --with-glpk

## --------- ##
## Platform. ##
## --------- ##

hostname = matsudatakashi-no-MacBook-Air.local
uname -m = x86_64
uname -r = 13.4.0
uname -s = Darwin
uname -v = Darwin Kernel Version 13.4.0: Sun Aug 17 19:50:11 PDT 2014; root:xnu-2422.115.4~1/RELEASE_X86_64

/usr/bin/uname -p = i386
/bin/uname -X     = unknown

/bin/arch              = unknown
/usr/bin/arch -k       = unknown
/usr/convex/getsysinfo = unknown
/usr/bin/hostinfo      = Mach kernel version:
	 Darwin Kernel Version 13.4.0: Sun Aug 17 19:50:11 PDT 2014; root:xnu-2422.115.4~1/RELEASE_X86_64
Kernel configured for up to 4 processors.
2 processors are physically available.
4 processors are logically available.
Processor type: i486 (Intel 80486)
Processors active: 0 1 2 3
Primary memory available: 4.00 gigabytes
Default processor set: 172 tasks, 858 threads, 4 processors
Load average: 1.22, Mach factor: 2.77
/bin/machine           = unknown
/usr/bin/oslevel       = unknown
/bin/universe          = unknown

PATH: /Users/takashi/.rbenv/shims
PATH: /usr/bin
PATH: /bin
PATH: /usr/sbin
PATH: /sbin
PATH: /usr/local/bin
PATH: /opt/X11/bin
PATH: /usr/texbin
PATH: /Users/takashi/local
PATH: /Users/takashi/local/centroid_fold-0.0.9-macosx10.5
PATH: /Users/takashi/.emacs.d/site-lisp/ProofGeneral-4.2/ProofGeneral/bin
PATH: /usr/texbin


## ----------- ##
## Core tests. ##
## ----------- ##

configure:2308: checking for a BSD-compatible install
configure:2376: result: /usr/bin/install -c
configure:2387: checking whether build environment is sane
configure:2442: result: yes
configure:2480: WARNING: 'missing' script is too old or missing
configure:2593: checking for a thread-safe mkdir -p
configure:2632: result: ./install-sh -c -d
configure:2639: checking for gawk
configure:2669: result: no
configure:2639: checking for mawk
configure:2669: result: no
configure:2639: checking for nawk
configure:2669: result: no
configure:2639: checking for awk
configure:2655: found /usr/bin/awk
configure:2666: result: awk
configure:2677: checking whether make sets $(MAKE)
configure:2699: result: yes
configure:2728: checking whether make supports nested variables
configure:2745: result: yes
configure:2933: checking for g++
configure:2949: found /usr/bin/g++
configure:2960: result: g++
configure:2987: checking for C++ compiler version
configure:2996: g++ --version >&5
Apple LLVM version 6.0 (clang-600.0.51) (based on LLVM 3.5svn)
Target: x86_64-apple-darwin13.4.0
Thread model: posix
Configured with: --prefix=/Applications/Xcode.app/Contents/Developer/usr --with-gxx-include-dir=/usr/include/c++/4.2.1
configure:3007: $? = 0
configure:2996: g++ -v >&5
Configured with: --prefix=/Applications/Xcode.app/Contents/Developer/usr --with-gxx-include-dir=/usr/include/c++/4.2.1
Apple LLVM version 6.0 (clang-600.0.51) (based on LLVM 3.5svn)
Target: x86_64-apple-darwin13.4.0
Thread model: posix
configure:3007: $? = 0
configure:2996: g++ -V >&5
clang: error: argument to '-V' is missing (expected 1 value)
clang: error: no input files
configure:3007: $? = 1
configure:2996: g++ -qversion >&5
clang: error: unknown argument: '-qversion'
clang: error: no input files
configure:3007: $? = 1
configure:3027: checking whether the C++ compiler works
configure:3049: g++    conftest.cpp  >&5
configure:3053: $? = 0
configure:3101: result: yes
configure:3104: checking for C++ compiler default output file name
configure:3106: result: a.out
configure:3112: checking for suffix of executables
configure:3119: g++ -o conftest    conftest.cpp  >&5
configure:3123: $? = 0
configure:3145: result: 
configure:3167: checking whether we are cross compiling
configure:3175: g++ -o conftest    conftest.cpp  >&5
configure:3179: $? = 0
configure:3186: ./conftest
configure:3190: $? = 0
configure:3205: result: no
configure:3210: checking for suffix of object files
configure:3232: g++ -c   conftest.cpp >&5
configure:3236: $? = 0
configure:3257: result: o
configure:3261: checking whether we are using the GNU C++ compiler
configure:3280: g++ -c   conftest.cpp >&5
configure:3280: $? = 0
configure:3289: result: yes
configure:3298: checking whether g++ accepts -g
configure:3318: g++ -c -g  conftest.cpp >&5
configure:3318: $? = 0
configure:3359: result: yes
configure:3393: checking for style of include used by make
configure:3421: result: GNU
configure:3447: checking dependency style of g++
configure:3558: result: gcc3
configure:3627: checking for gcc
configure:3643: found /usr/bin/gcc
configure:3654: result: gcc
configure:3685: checking for C compiler version
configure:3694: gcc --version >&5
Apple LLVM version 6.0 (clang-600.0.51) (based on LLVM 3.5svn)
Target: x86_64-apple-darwin13.4.0
Thread model: posix
Configured with: --prefix=/Applications/Xcode.app/Contents/Developer/usr --with-gxx-include-dir=/usr/include/c++/4.2.1
configure:3705: $? = 0
configure:3694: gcc -v >&5
Configured with: --prefix=/Applications/Xcode.app/Contents/Developer/usr --with-gxx-include-dir=/usr/include/c++/4.2.1
Apple LLVM version 6.0 (clang-600.0.51) (based on LLVM 3.5svn)
Target: x86_64-apple-darwin13.4.0
Thread model: posix
configure:3705: $? = 0
configure:3694: gcc -V >&5
clang: error: argument to '-V' is missing (expected 1 value)
clang: error: no input files
configure:3705: $? = 1
configure:3694: gcc -qversion >&5
clang: error: unknown argument: '-qversion'
clang: error: no input files
configure:3705: $? = 1
configure:3709: checking whether we are using the GNU C compiler
configure:3728: gcc -c   conftest.c >&5
configure:3728: $? = 0
configure:3737: result: yes
configure:3746: checking whether gcc accepts -g
configure:3766: gcc -c -g  conftest.c >&5
configure:3766: $? = 0
configure:3807: result: yes
configure:3824: checking for gcc option to accept ISO C89
configure:3887: gcc  -c -g -O2  conftest.c >&5
configure:3887: $? = 0
configure:3900: result: none needed
configure:3925: checking whether gcc understands -c and -o together
configure:3947: gcc -c conftest.c -o conftest2.o
configure:3950: $? = 0
configure:3947: gcc -c conftest.c -o conftest2.o
configure:3950: $? = 0
configure:3962: result: yes
configure:3981: checking dependency style of gcc
configure:4092: result: gcc3
configure:4156: checking for ranlib
configure:4172: found /usr/bin/ranlib
configure:4183: result: ranlib
configure:4214: checking for g++ option to support OpenMP
configure:4229: g++ -o conftest -g -O2   conftest.cpp  >&5
conftest.cpp:13:2: error: unknown type name 'choke'
 choke me
 ^
conftest.cpp:15:10: fatal error: 'omp.h' file not found
#include <omp.h>
         ^
2 errors generated.
configure:4229: $? = 1
configure: failed program was:
| /* confdefs.h */
| #define PACKAGE_NAME "ractip_hom"
| #define PACKAGE_TARNAME "ractip_hom"
| #define PACKAGE_VERSION "0.0.1"
| #define PACKAGE_STRING "ractip_hom 0.0.1"
| #define PACKAGE_BUGREPORT "satoken@bio.keio.ac.jp"
| #define PACKAGE_URL ""
| #define PACKAGE "ractip_hom"
| #define VERSION "0.0.1"
| /* end confdefs.h.  */
| 
| #ifndef _OPENMP
|  choke me
| #endif
| #include <omp.h>
| int main () { return omp_get_num_threads (); }
| 
configure:4247: g++ -o conftest -g -O2 -fopenmp   conftest.cpp  >&5
conftest.cpp:13:2: error: unknown type name 'choke'
 choke me
 ^
conftest.cpp:15:10: fatal error: 'omp.h' file not found
#include <omp.h>
         ^
2 errors generated.
configure:4247: $? = 1
configure: failed program was:
| /* confdefs.h */
| #define PACKAGE_NAME "ractip_hom"
| #define PACKAGE_TARNAME "ractip_hom"
| #define PACKAGE_VERSION "0.0.1"
| #define PACKAGE_STRING "ractip_hom 0.0.1"
| #define PACKAGE_BUGREPORT "satoken@bio.keio.ac.jp"
| #define PACKAGE_URL ""
| #define PACKAGE "ractip_hom"
| #define VERSION "0.0.1"
| /* end confdefs.h.  */
| 
| #ifndef _OPENMP
|  choke me
| #endif
| #include <omp.h>
| int main () { return omp_get_num_threads (); }
| 
configure:4247: g++ -o conftest -g -O2 -xopenmp   conftest.cpp  >&5
clang: error: language not recognized: 'openmp'
configure:4247: $? = 1
configure: failed program was:
| /* confdefs.h */
| #define PACKAGE_NAME "ractip_hom"
| #define PACKAGE_TARNAME "ractip_hom"
| #define PACKAGE_VERSION "0.0.1"
| #define PACKAGE_STRING "ractip_hom 0.0.1"
| #define PACKAGE_BUGREPORT "satoken@bio.keio.ac.jp"
| #define PACKAGE_URL ""
| #define PACKAGE "ractip_hom"
| #define VERSION "0.0.1"
| /* end confdefs.h.  */
| 
| #ifndef _OPENMP
|  choke me
| #endif
| #include <omp.h>
| int main () { return omp_get_num_threads (); }
| 
configure:4247: g++ -o conftest -g -O2 -openmp   conftest.cpp  >&5
conftest.cpp:13:2: error: unknown type name 'choke'
 choke me
 ^
conftest.cpp:15:10: fatal error: 'omp.h' file not found
#include <omp.h>
         ^
2 errors generated.
configure:4247: $? = 1
configure: failed program was:
| /* confdefs.h */
| #define PACKAGE_NAME "ractip_hom"
| #define PACKAGE_TARNAME "ractip_hom"
| #define PACKAGE_VERSION "0.0.1"
| #define PACKAGE_STRING "ractip_hom 0.0.1"
| #define PACKAGE_BUGREPORT "satoken@bio.keio.ac.jp"
| #define PACKAGE_URL ""
| #define PACKAGE "ractip_hom"
| #define VERSION "0.0.1"
| /* end confdefs.h.  */
| 
| #ifndef _OPENMP
|  choke me
| #endif
| #include <omp.h>
| int main () { return omp_get_num_threads (); }
| 
configure:4247: g++ -o conftest -g -O2 -mp   conftest.cpp  >&5
clang: error: unknown argument: '-mp'
configure:4247: $? = 1
configure: failed program was:
| /* confdefs.h */
| #define PACKAGE_NAME "ractip_hom"
| #define PACKAGE_TARNAME "ractip_hom"
| #define PACKAGE_VERSION "0.0.1"
| #define PACKAGE_STRING "ractip_hom 0.0.1"
| #define PACKAGE_BUGREPORT "satoken@bio.keio.ac.jp"
| #define PACKAGE_URL ""
| #define PACKAGE "ractip_hom"
| #define VERSION "0.0.1"
| /* end confdefs.h.  */
| 
| #ifndef _OPENMP
|  choke me
| #endif
| #include <omp.h>
| int main () { return omp_get_num_threads (); }
| 
configure:4247: g++ -o conftest -g -O2 -omp   conftest.cpp  >&5
conftest.cpp:13:2: error: unknown type name 'choke'
 choke me
 ^
conftest.cpp:15:10: fatal error: 'omp.h' file not found
#include <omp.h>
         ^
2 errors generated.
configure:4247: $? = 1
configure: failed program was:
| /* confdefs.h */
| #define PACKAGE_NAME "ractip_hom"
| #define PACKAGE_TARNAME "ractip_hom"
| #define PACKAGE_VERSION "0.0.1"
| #define PACKAGE_STRING "ractip_hom 0.0.1"
| #define PACKAGE_BUGREPORT "satoken@bio.keio.ac.jp"
| #define PACKAGE_URL ""
| #define PACKAGE "ractip_hom"
| #define VERSION "0.0.1"
| /* end confdefs.h.  */
| 
| #ifndef _OPENMP
|  choke me
| #endif
| #include <omp.h>
| int main () { return omp_get_num_threads (); }
| 
configure:4247: g++ -o conftest -g -O2 -qsmp=omp   conftest.cpp  >&5
clang: error: unknown argument: '-qsmp=omp'
configure:4247: $? = 1
configure: failed program was:
| /* confdefs.h */
| #define PACKAGE_NAME "ractip_hom"
| #define PACKAGE_TARNAME "ractip_hom"
| #define PACKAGE_VERSION "0.0.1"
| #define PACKAGE_STRING "ractip_hom 0.0.1"
| #define PACKAGE_BUGREPORT "satoken@bio.keio.ac.jp"
| #define PACKAGE_URL ""
| #define PACKAGE "ractip_hom"
| #define VERSION "0.0.1"
| /* end confdefs.h.  */
| 
| #ifndef _OPENMP
|  choke me
| #endif
| #include <omp.h>
| int main () { return omp_get_num_threads (); }
| 
configure:4247: g++ -o conftest -g -O2 -homp   conftest.cpp  >&5
clang: error: unknown argument: '-homp'
configure:4247: $? = 1
configure: failed program was:
| /* confdefs.h */
| #define PACKAGE_NAME "ractip_hom"
| #define PACKAGE_TARNAME "ractip_hom"
| #define PACKAGE_VERSION "0.0.1"
| #define PACKAGE_STRING "ractip_hom 0.0.1"
| #define PACKAGE_BUGREPORT "satoken@bio.keio.ac.jp"
| #define PACKAGE_URL ""
| #define PACKAGE "ractip_hom"
| #define VERSION "0.0.1"
| /* end confdefs.h.  */
| 
| #ifndef _OPENMP
|  choke me
| #endif
| #include <omp.h>
| int main () { return omp_get_num_threads (); }
| 
configure:4247: g++ -o conftest -g -O2 -Popenmp   conftest.cpp  >&5
clang: error: unknown argument: '-Popenmp'
configure:4247: $? = 1
configure: failed program was:
| /* confdefs.h */
| #define PACKAGE_NAME "ractip_hom"
| #define PACKAGE_TARNAME "ractip_hom"
| #define PACKAGE_VERSION "0.0.1"
| #define PACKAGE_STRING "ractip_hom 0.0.1"
| #define PACKAGE_BUGREPORT "satoken@bio.keio.ac.jp"
| #define PACKAGE_URL ""
| #define PACKAGE "ractip_hom"
| #define VERSION "0.0.1"
| /* end confdefs.h.  */
| 
| #ifndef _OPENMP
|  choke me
| #endif
| #include <omp.h>
| int main () { return omp_get_num_threads (); }
| 
configure:4247: g++ -o conftest -g -O2 --openmp   conftest.cpp  >&5
clang: error: unsupported option '--openmp'
configure:4247: $? = 1
configure: failed program was:
| /* confdefs.h */
| #define PACKAGE_NAME "ractip_hom"
| #define PACKAGE_TARNAME "ractip_hom"
| #define PACKAGE_VERSION "0.0.1"
| #define PACKAGE_STRING "ractip_hom 0.0.1"
| #define PACKAGE_BUGREPORT "satoken@bio.keio.ac.jp"
| #define PACKAGE_URL ""
| #define PACKAGE "ractip_hom"
| #define VERSION "0.0.1"
| /* end confdefs.h.  */
| 
| #ifndef _OPENMP
|  choke me
| #endif
| #include <omp.h>
| int main () { return omp_get_num_threads (); }
| 
configure:4261: result: unsupported
configure:4283: checking how to run the C++ preprocessor
configure:4310: g++ -E  conftest.cpp
configure:4310: $? = 0
configure:4324: g++ -E  conftest.cpp
conftest.cpp:11:10: fatal error: 'ac_nonexistent.h' file not found
#include <ac_nonexistent.h>
         ^
1 error generated.
configure:4324: $? = 1
configure: failed program was:
| /* confdefs.h */
| #define PACKAGE_NAME "ractip_hom"
| #define PACKAGE_TARNAME "ractip_hom"
| #define PACKAGE_VERSION "0.0.1"
| #define PACKAGE_STRING "ractip_hom 0.0.1"
| #define PACKAGE_BUGREPORT "satoken@bio.keio.ac.jp"
| #define PACKAGE_URL ""
| #define PACKAGE "ractip_hom"
| #define VERSION "0.0.1"
| /* end confdefs.h.  */
| #include <ac_nonexistent.h>
configure:4349: result: g++ -E
configure:4369: g++ -E  conftest.cpp
configure:4369: $? = 0
configure:4383: g++ -E  conftest.cpp
conftest.cpp:11:10: fatal error: 'ac_nonexistent.h' file not found
#include <ac_nonexistent.h>
         ^
1 error generated.
configure:4383: $? = 1
configure: failed program was:
| /* confdefs.h */
| #define PACKAGE_NAME "ractip_hom"
| #define PACKAGE_TARNAME "ractip_hom"
| #define PACKAGE_VERSION "0.0.1"
| #define PACKAGE_STRING "ractip_hom 0.0.1"
| #define PACKAGE_BUGREPORT "satoken@bio.keio.ac.jp"
| #define PACKAGE_URL ""
| #define PACKAGE "ractip_hom"
| #define VERSION "0.0.1"
| /* end confdefs.h.  */
| #include <ac_nonexistent.h>
configure:4412: checking for grep that handles long lines and -e
configure:4470: result: /usr/bin/grep
configure:4475: checking for egrep
configure:4537: result: /usr/bin/grep -E
configure:4542: checking for ANSI C header files
configure:4562: g++ -c -g -O2  conftest.cpp >&5
configure:4562: $? = 0
configure:4635: g++ -o conftest -g -O2   conftest.cpp  >&5
configure:4635: $? = 0
configure:4635: ./conftest
configure:4635: $? = 0
configure:4646: result: yes
configure:4659: checking for sys/types.h
configure:4659: g++ -c -g -O2  conftest.cpp >&5
configure:4659: $? = 0
configure:4659: result: yes
configure:4659: checking for sys/stat.h
configure:4659: g++ -c -g -O2  conftest.cpp >&5
configure:4659: $? = 0
configure:4659: result: yes
configure:4659: checking for stdlib.h
configure:4659: g++ -c -g -O2  conftest.cpp >&5
configure:4659: $? = 0
configure:4659: result: yes
configure:4659: checking for string.h
configure:4659: g++ -c -g -O2  conftest.cpp >&5
configure:4659: $? = 0
configure:4659: result: yes
configure:4659: checking for memory.h
configure:4659: g++ -c -g -O2  conftest.cpp >&5
configure:4659: $? = 0
configure:4659: result: yes
configure:4659: checking for strings.h
configure:4659: g++ -c -g -O2  conftest.cpp >&5
configure:4659: $? = 0
configure:4659: result: yes
configure:4659: checking for inttypes.h
configure:4659: g++ -c -g -O2  conftest.cpp >&5
configure:4659: $? = 0
configure:4659: result: yes
configure:4659: checking for stdint.h
configure:4659: g++ -c -g -O2  conftest.cpp >&5
configure:4659: $? = 0
configure:4659: result: yes
configure:4659: checking for unistd.h
configure:4659: g++ -c -g -O2  conftest.cpp >&5
configure:4659: $? = 0
configure:4659: result: yes
configure:4674: checking for stdlib.h
configure:4674: result: yes
configure:4674: checking for string.h
configure:4674: result: yes
configure:4674: checking for unistd.h
configure:4674: result: yes
configure:4686: checking for stdbool.h that conforms to C99
configure:4753: g++ -c -g -O2  conftest.cpp >&5
configure:4753: $? = 0
configure:4760: result: yes
configure:4762: checking for _Bool
configure:4762: g++ -c -g -O2  conftest.cpp >&5
conftest.cpp:60:13: error: use of undeclared identifier '_Bool'
if (sizeof (_Bool))
            ^
1 error generated.
configure:4762: $? = 1
configure: failed program was:
| /* confdefs.h */
| #define PACKAGE_NAME "ractip_hom"
| #define PACKAGE_TARNAME "ractip_hom"
| #define PACKAGE_VERSION "0.0.1"
| #define PACKAGE_STRING "ractip_hom 0.0.1"
| #define PACKAGE_BUGREPORT "satoken@bio.keio.ac.jp"
| #define PACKAGE_URL ""
| #define PACKAGE "ractip_hom"
| #define VERSION "0.0.1"
| #define STDC_HEADERS 1
| #define HAVE_SYS_TYPES_H 1
| #define HAVE_SYS_STAT_H 1
| #define HAVE_STDLIB_H 1
| #define HAVE_STRING_H 1
| #define HAVE_MEMORY_H 1
| #define HAVE_STRINGS_H 1
| #define HAVE_INTTYPES_H 1
| #define HAVE_STDINT_H 1
| #define HAVE_UNISTD_H 1
| #define HAVE_STDLIB_H 1
| #define HAVE_STRING_H 1
| #define HAVE_UNISTD_H 1
| /* end confdefs.h.  */
| #include <stdio.h>
| #ifdef HAVE_SYS_TYPES_H
| # include <sys/types.h>
| #endif
| #ifdef HAVE_SYS_STAT_H
| # include <sys/stat.h>
| #endif
| #ifdef STDC_HEADERS
| # include <stdlib.h>
| # include <stddef.h>
| #else
| # ifdef HAVE_STDLIB_H
| #  include <stdlib.h>
| # endif
| #endif
| #ifdef HAVE_STRING_H
| # if !defined STDC_HEADERS && defined HAVE_MEMORY_H
| #  include <memory.h>
| # endif
| # include <string.h>
| #endif
| #ifdef HAVE_STRINGS_H
| # include <strings.h>
| #endif
| #ifdef HAVE_INTTYPES_H
| # include <inttypes.h>
| #endif
| #ifdef HAVE_STDINT_H
| # include <stdint.h>
| #endif
| #ifdef HAVE_UNISTD_H
| # include <unistd.h>
| #endif
| int
| main ()
| {
| if (sizeof (_Bool))
| 	 return 0;
|   ;
|   return 0;
| }
configure:4762: result: no
configure:4779: checking for inline
configure:4795: g++ -c -g -O2  conftest.cpp >&5
configure:4795: $? = 0
configure:4803: result: inline
configure:4823: checking for pthread_create in -lpthread
configure:4848: g++ -o conftest -g -O2   conftest.cpp -lpthread   >&5
configure:4848: $? = 0
configure:4857: result: yes
configure:4881: checking glpk.h usability
configure:4881: g++ -c -g -O2 -DWITH_GLPK  conftest.cpp >&5
configure:4881: $? = 0
configure:4881: result: yes
configure:4881: checking glpk.h presence
configure:4881: g++ -E -DWITH_GLPK  conftest.cpp
configure:4881: $? = 0
configure:4881: result: yes
configure:4881: checking for glpk.h
configure:4881: result: yes
configure:4891: checking for main in -lz
configure:4910: g++ -o conftest -g -O2 -DWITH_GLPK   conftest.cpp -lz  -lpthread  >&5
configure:4910: $? = 0
configure:4919: result: yes
configure:4930: checking for main in -lgmp
configure:4949: g++ -o conftest -g -O2 -DWITH_GLPK   conftest.cpp -lgmp  -lz -lpthread  >&5
configure:4949: $? = 0
configure:4958: result: yes
configure:4969: checking for main in -ldl
configure:4988: g++ -o conftest -g -O2 -DWITH_GLPK   conftest.cpp -ldl  -lgmp -lz -lpthread  >&5
configure:4988: $? = 0
configure:4997: result: yes
configure:5008: checking for main in -lltdl
configure:5027: g++ -o conftest -g -O2 -DWITH_GLPK   conftest.cpp -lltdl  -ldl -lgmp -lz -lpthread  >&5
configure:5027: $? = 0
configure:5036: result: yes
configure:5047: checking for glp_create_prob in -lglpk
configure:5072: g++ -o conftest -g -O2 -DWITH_GLPK   conftest.cpp -lglpk  -lltdl -ldl -lgmp -lz -lpthread  >&5
configure:5072: $? = 0
configure:5081: result: yes
configure:5105: checking ilconcert/ilomodel.h usability
configure:5105: g++ -c -g -O2 -DWITH_GLPK  conftest.cpp >&5
conftest.cpp:65:10: fatal error: 'ilconcert/ilomodel.h' file not found
#include <ilconcert/ilomodel.h>
         ^
1 error generated.
configure:5105: $? = 1
configure: failed program was:
| /* confdefs.h */
| #define PACKAGE_NAME "ractip_hom"
| #define PACKAGE_TARNAME "ractip_hom"
| #define PACKAGE_VERSION "0.0.1"
| #define PACKAGE_STRING "ractip_hom 0.0.1"
| #define PACKAGE_BUGREPORT "satoken@bio.keio.ac.jp"
| #define PACKAGE_URL ""
| #define PACKAGE "ractip_hom"
| #define VERSION "0.0.1"
| #define STDC_HEADERS 1
| #define HAVE_SYS_TYPES_H 1
| #define HAVE_SYS_STAT_H 1
| #define HAVE_STDLIB_H 1
| #define HAVE_STRING_H 1
| #define HAVE_MEMORY_H 1
| #define HAVE_STRINGS_H 1
| #define HAVE_INTTYPES_H 1
| #define HAVE_STDINT_H 1
| #define HAVE_UNISTD_H 1
| #define HAVE_STDLIB_H 1
| #define HAVE_STRING_H 1
| #define HAVE_UNISTD_H 1
| #define HAVE_STDBOOL_H 1
| #define HAVE_LIBPTHREAD 1
| #define HAVE_GLPK_H 1
| #define HAVE_LIBZ 1
| #define HAVE_LIBGMP 1
| #define HAVE_LIBDL 1
| #define HAVE_LIBLTDL 1
| #define HAVE_LIBGLPK 1
| /* end confdefs.h.  */
| #include <stdio.h>
| #ifdef HAVE_SYS_TYPES_H
| # include <sys/types.h>
| #endif
| #ifdef HAVE_SYS_STAT_H
| # include <sys/stat.h>
| #endif
| #ifdef STDC_HEADERS
| # include <stdlib.h>
| # include <stddef.h>
| #else
| # ifdef HAVE_STDLIB_H
| #  include <stdlib.h>
| # endif
| #endif
| #ifdef HAVE_STRING_H
| # if !defined STDC_HEADERS && defined HAVE_MEMORY_H
| #  include <memory.h>
| # endif
| # include <string.h>
| #endif
| #ifdef HAVE_STRINGS_H
| # include <strings.h>
| #endif
| #ifdef HAVE_INTTYPES_H
| # include <inttypes.h>
| #endif
| #ifdef HAVE_STDINT_H
| # include <stdint.h>
| #endif
| #ifdef HAVE_UNISTD_H
| # include <unistd.h>
| #endif
| #include <ilconcert/ilomodel.h>
configure:5105: result: no
configure:5105: checking ilconcert/ilomodel.h presence
configure:5105: g++ -E -DWITH_GLPK  conftest.cpp
conftest.cpp:32:10: fatal error: 'ilconcert/ilomodel.h' file not found
#include <ilconcert/ilomodel.h>
         ^
1 error generated.
configure:5105: $? = 1
configure: failed program was:
| /* confdefs.h */
| #define PACKAGE_NAME "ractip_hom"
| #define PACKAGE_TARNAME "ractip_hom"
| #define PACKAGE_VERSION "0.0.1"
| #define PACKAGE_STRING "ractip_hom 0.0.1"
| #define PACKAGE_BUGREPORT "satoken@bio.keio.ac.jp"
| #define PACKAGE_URL ""
| #define PACKAGE "ractip_hom"
| #define VERSION "0.0.1"
| #define STDC_HEADERS 1
| #define HAVE_SYS_TYPES_H 1
| #define HAVE_SYS_STAT_H 1
| #define HAVE_STDLIB_H 1
| #define HAVE_STRING_H 1
| #define HAVE_MEMORY_H 1
| #define HAVE_STRINGS_H 1
| #define HAVE_INTTYPES_H 1
| #define HAVE_STDINT_H 1
| #define HAVE_UNISTD_H 1
| #define HAVE_STDLIB_H 1
| #define HAVE_STRING_H 1
| #define HAVE_UNISTD_H 1
| #define HAVE_STDBOOL_H 1
| #define HAVE_LIBPTHREAD 1
| #define HAVE_GLPK_H 1
| #define HAVE_LIBZ 1
| #define HAVE_LIBGMP 1
| #define HAVE_LIBDL 1
| #define HAVE_LIBLTDL 1
| #define HAVE_LIBGLPK 1
| /* end confdefs.h.  */
| #include <ilconcert/ilomodel.h>
configure:5105: result: no
configure:5105: checking for ilconcert/ilomodel.h
configure:5105: result: no
configure:5115: checking for main in -lconcert
configure:5134: g++ -o conftest -g -O2 -DWITH_GLPK   conftest.cpp -lconcert  -lglpk -lltdl -ldl -lgmp -lz -lpthread  >&5
ld: library not found for -lconcert
clang: error: linker command failed with exit code 1 (use -v to see invocation)
configure:5134: $? = 1
configure: failed program was:
| /* confdefs.h */
| #define PACKAGE_NAME "ractip_hom"
| #define PACKAGE_TARNAME "ractip_hom"
| #define PACKAGE_VERSION "0.0.1"
| #define PACKAGE_STRING "ractip_hom 0.0.1"
| #define PACKAGE_BUGREPORT "satoken@bio.keio.ac.jp"
| #define PACKAGE_URL ""
| #define PACKAGE "ractip_hom"
| #define VERSION "0.0.1"
| #define STDC_HEADERS 1
| #define HAVE_SYS_TYPES_H 1
| #define HAVE_SYS_STAT_H 1
| #define HAVE_STDLIB_H 1
| #define HAVE_STRING_H 1
| #define HAVE_MEMORY_H 1
| #define HAVE_STRINGS_H 1
| #define HAVE_INTTYPES_H 1
| #define HAVE_STDINT_H 1
| #define HAVE_UNISTD_H 1
| #define HAVE_STDLIB_H 1
| #define HAVE_STRING_H 1
| #define HAVE_UNISTD_H 1
| #define HAVE_STDBOOL_H 1
| #define HAVE_LIBPTHREAD 1
| #define HAVE_GLPK_H 1
| #define HAVE_LIBZ 1
| #define HAVE_LIBGMP 1
| #define HAVE_LIBDL 1
| #define HAVE_LIBLTDL 1
| #define HAVE_LIBGLPK 1
| /* end confdefs.h.  */
| 
| 
| int
| main ()
| {
| return main ();
|   ;
|   return 0;
| }
configure:5143: result: no
configure:5156: checking ilcplex/ilocplex.h usability
configure:5156: g++ -c -g -O2 -DWITH_GLPK  conftest.cpp >&5
conftest.cpp:65:10: fatal error: 'ilcplex/ilocplex.h' file not found
#include <ilcplex/ilocplex.h>
         ^
1 error generated.
configure:5156: $? = 1
configure: failed program was:
| /* confdefs.h */
| #define PACKAGE_NAME "ractip_hom"
| #define PACKAGE_TARNAME "ractip_hom"
| #define PACKAGE_VERSION "0.0.1"
| #define PACKAGE_STRING "ractip_hom 0.0.1"
| #define PACKAGE_BUGREPORT "satoken@bio.keio.ac.jp"
| #define PACKAGE_URL ""
| #define PACKAGE "ractip_hom"
| #define VERSION "0.0.1"
| #define STDC_HEADERS 1
| #define HAVE_SYS_TYPES_H 1
| #define HAVE_SYS_STAT_H 1
| #define HAVE_STDLIB_H 1
| #define HAVE_STRING_H 1
| #define HAVE_MEMORY_H 1
| #define HAVE_STRINGS_H 1
| #define HAVE_INTTYPES_H 1
| #define HAVE_STDINT_H 1
| #define HAVE_UNISTD_H 1
| #define HAVE_STDLIB_H 1
| #define HAVE_STRING_H 1
| #define HAVE_UNISTD_H 1
| #define HAVE_STDBOOL_H 1
| #define HAVE_LIBPTHREAD 1
| #define HAVE_GLPK_H 1
| #define HAVE_LIBZ 1
| #define HAVE_LIBGMP 1
| #define HAVE_LIBDL 1
| #define HAVE_LIBLTDL 1
| #define HAVE_LIBGLPK 1
| /* end confdefs.h.  */
| #include <stdio.h>
| #ifdef HAVE_SYS_TYPES_H
| # include <sys/types.h>
| #endif
| #ifdef HAVE_SYS_STAT_H
| # include <sys/stat.h>
| #endif
| #ifdef STDC_HEADERS
| # include <stdlib.h>
| # include <stddef.h>
| #else
| # ifdef HAVE_STDLIB_H
| #  include <stdlib.h>
| # endif
| #endif
| #ifdef HAVE_STRING_H
| # if !defined STDC_HEADERS && defined HAVE_MEMORY_H
| #  include <memory.h>
| # endif
| # include <string.h>
| #endif
| #ifdef HAVE_STRINGS_H
| # include <strings.h>
| #endif
| #ifdef HAVE_INTTYPES_H
| # include <inttypes.h>
| #endif
| #ifdef HAVE_STDINT_H
| # include <stdint.h>
| #endif
| #ifdef HAVE_UNISTD_H
| # include <unistd.h>
| #endif
| #include <ilcplex/ilocplex.h>
configure:5156: result: no
configure:5156: checking ilcplex/ilocplex.h presence
configure:5156: g++ -E -DWITH_GLPK  conftest.cpp
conftest.cpp:32:10: fatal error: 'ilcplex/ilocplex.h' file not found
#include <ilcplex/ilocplex.h>
         ^
1 error generated.
configure:5156: $? = 1
configure: failed program was:
| /* confdefs.h */
| #define PACKAGE_NAME "ractip_hom"
| #define PACKAGE_TARNAME "ractip_hom"
| #define PACKAGE_VERSION "0.0.1"
| #define PACKAGE_STRING "ractip_hom 0.0.1"
| #define PACKAGE_BUGREPORT "satoken@bio.keio.ac.jp"
| #define PACKAGE_URL ""
| #define PACKAGE "ractip_hom"
| #define VERSION "0.0.1"
| #define STDC_HEADERS 1
| #define HAVE_SYS_TYPES_H 1
| #define HAVE_SYS_STAT_H 1
| #define HAVE_STDLIB_H 1
| #define HAVE_STRING_H 1
| #define HAVE_MEMORY_H 1
| #define HAVE_STRINGS_H 1
| #define HAVE_INTTYPES_H 1
| #define HAVE_STDINT_H 1
| #define HAVE_UNISTD_H 1
| #define HAVE_STDLIB_H 1
| #define HAVE_STRING_H 1
| #define HAVE_UNISTD_H 1
| #define HAVE_STDBOOL_H 1
| #define HAVE_LIBPTHREAD 1
| #define HAVE_GLPK_H 1
| #define HAVE_LIBZ 1
| #define HAVE_LIBGMP 1
| #define HAVE_LIBDL 1
| #define HAVE_LIBLTDL 1
| #define HAVE_LIBGLPK 1
| /* end confdefs.h.  */
| #include <ilcplex/ilocplex.h>
configure:5156: result: no
configure:5156: checking for ilcplex/ilocplex.h
configure:5156: result: no
configure:5166: checking for main in -lcplex
configure:5185: g++ -o conftest -g -O2 -DWITH_GLPK   conftest.cpp -lcplex  -lglpk -lltdl -ldl -lgmp -lz -lpthread  >&5
ld: library not found for -lcplex
clang: error: linker command failed with exit code 1 (use -v to see invocation)
configure:5185: $? = 1
configure: failed program was:
| /* confdefs.h */
| #define PACKAGE_NAME "ractip_hom"
| #define PACKAGE_TARNAME "ractip_hom"
| #define PACKAGE_VERSION "0.0.1"
| #define PACKAGE_STRING "ractip_hom 0.0.1"
| #define PACKAGE_BUGREPORT "satoken@bio.keio.ac.jp"
| #define PACKAGE_URL ""
| #define PACKAGE "ractip_hom"
| #define VERSION "0.0.1"
| #define STDC_HEADERS 1
| #define HAVE_SYS_TYPES_H 1
| #define HAVE_SYS_STAT_H 1
| #define HAVE_STDLIB_H 1
| #define HAVE_STRING_H 1
| #define HAVE_MEMORY_H 1
| #define HAVE_STRINGS_H 1
| #define HAVE_INTTYPES_H 1
| #define HAVE_STDINT_H 1
| #define HAVE_UNISTD_H 1
| #define HAVE_STDLIB_H 1
| #define HAVE_STRING_H 1
| #define HAVE_UNISTD_H 1
| #define HAVE_STDBOOL_H 1
| #define HAVE_LIBPTHREAD 1
| #define HAVE_GLPK_H 1
| #define HAVE_LIBZ 1
| #define HAVE_LIBGMP 1
| #define HAVE_LIBDL 1
| #define HAVE_LIBLTDL 1
| #define HAVE_LIBGLPK 1
| /* end confdefs.h.  */
| 
| 
| int
| main ()
| {
| return main ();
|   ;
|   return 0;
| }
configure:5194: result: no
configure:5205: checking for main in -lilocplex
configure:5224: g++ -o conftest -g -O2 -DWITH_GLPK   conftest.cpp -lilocplex  -lglpk -lltdl -ldl -lgmp -lz -lpthread  >&5
ld: library not found for -lilocplex
clang: error: linker command failed with exit code 1 (use -v to see invocation)
configure:5224: $? = 1
configure: failed program was:
| /* confdefs.h */
| #define PACKAGE_NAME "ractip_hom"
| #define PACKAGE_TARNAME "ractip_hom"
| #define PACKAGE_VERSION "0.0.1"
| #define PACKAGE_STRING "ractip_hom 0.0.1"
| #define PACKAGE_BUGREPORT "satoken@bio.keio.ac.jp"
| #define PACKAGE_URL ""
| #define PACKAGE "ractip_hom"
| #define VERSION "0.0.1"
| #define STDC_HEADERS 1
| #define HAVE_SYS_TYPES_H 1
| #define HAVE_SYS_STAT_H 1
| #define HAVE_STDLIB_H 1
| #define HAVE_STRING_H 1
| #define HAVE_MEMORY_H 1
| #define HAVE_STRINGS_H 1
| #define HAVE_INTTYPES_H 1
| #define HAVE_STDINT_H 1
| #define HAVE_UNISTD_H 1
| #define HAVE_STDLIB_H 1
| #define HAVE_STRING_H 1
| #define HAVE_UNISTD_H 1
| #define HAVE_STDBOOL_H 1
| #define HAVE_LIBPTHREAD 1
| #define HAVE_GLPK_H 1
| #define HAVE_LIBZ 1
| #define HAVE_LIBGMP 1
| #define HAVE_LIBDL 1
| #define HAVE_LIBLTDL 1
| #define HAVE_LIBGLPK 1
| /* end confdefs.h.  */
| 
| 
| int
| main ()
| {
| return main ();
|   ;
|   return 0;
| }
configure:5233: result: no
configure:5261: checking gurobi_c++.h usability
configure:5261: g++ -c -g -O2 -DWITH_GLPK  conftest.cpp >&5
conftest.cpp:65:10: fatal error: 'gurobi_c++.h' file not found
#include <gurobi_c++.h>
         ^
1 error generated.
configure:5261: $? = 1
configure: failed program was:
| /* confdefs.h */
| #define PACKAGE_NAME "ractip_hom"
| #define PACKAGE_TARNAME "ractip_hom"
| #define PACKAGE_VERSION "0.0.1"
| #define PACKAGE_STRING "ractip_hom 0.0.1"
| #define PACKAGE_BUGREPORT "satoken@bio.keio.ac.jp"
| #define PACKAGE_URL ""
| #define PACKAGE "ractip_hom"
| #define VERSION "0.0.1"
| #define STDC_HEADERS 1
| #define HAVE_SYS_TYPES_H 1
| #define HAVE_SYS_STAT_H 1
| #define HAVE_STDLIB_H 1
| #define HAVE_STRING_H 1
| #define HAVE_MEMORY_H 1
| #define HAVE_STRINGS_H 1
| #define HAVE_INTTYPES_H 1
| #define HAVE_STDINT_H 1
| #define HAVE_UNISTD_H 1
| #define HAVE_STDLIB_H 1
| #define HAVE_STRING_H 1
| #define HAVE_UNISTD_H 1
| #define HAVE_STDBOOL_H 1
| #define HAVE_LIBPTHREAD 1
| #define HAVE_GLPK_H 1
| #define HAVE_LIBZ 1
| #define HAVE_LIBGMP 1
| #define HAVE_LIBDL 1
| #define HAVE_LIBLTDL 1
| #define HAVE_LIBGLPK 1
| /* end confdefs.h.  */
| #include <stdio.h>
| #ifdef HAVE_SYS_TYPES_H
| # include <sys/types.h>
| #endif
| #ifdef HAVE_SYS_STAT_H
| # include <sys/stat.h>
| #endif
| #ifdef STDC_HEADERS
| # include <stdlib.h>
| # include <stddef.h>
| #else
| # ifdef HAVE_STDLIB_H
| #  include <stdlib.h>
| # endif
| #endif
| #ifdef HAVE_STRING_H
| # if !defined STDC_HEADERS && defined HAVE_MEMORY_H
| #  include <memory.h>
| # endif
| # include <string.h>
| #endif
| #ifdef HAVE_STRINGS_H
| # include <strings.h>
| #endif
| #ifdef HAVE_INTTYPES_H
| # include <inttypes.h>
| #endif
| #ifdef HAVE_STDINT_H
| # include <stdint.h>
| #endif
| #ifdef HAVE_UNISTD_H
| # include <unistd.h>
| #endif
| #include <gurobi_c++.h>
configure:5261: result: no
configure:5261: checking gurobi_c++.h presence
configure:5261: g++ -E -DWITH_GLPK  conftest.cpp
conftest.cpp:32:10: fatal error: 'gurobi_c++.h' file not found
#include <gurobi_c++.h>
         ^
1 error generated.
configure:5261: $? = 1
configure: failed program was:
| /* confdefs.h */
| #define PACKAGE_NAME "ractip_hom"
| #define PACKAGE_TARNAME "ractip_hom"
| #define PACKAGE_VERSION "0.0.1"
| #define PACKAGE_STRING "ractip_hom 0.0.1"
| #define PACKAGE_BUGREPORT "satoken@bio.keio.ac.jp"
| #define PACKAGE_URL ""
| #define PACKAGE "ractip_hom"
| #define VERSION "0.0.1"
| #define STDC_HEADERS 1
| #define HAVE_SYS_TYPES_H 1
| #define HAVE_SYS_STAT_H 1
| #define HAVE_STDLIB_H 1
| #define HAVE_STRING_H 1
| #define HAVE_MEMORY_H 1
| #define HAVE_STRINGS_H 1
| #define HAVE_INTTYPES_H 1
| #define HAVE_STDINT_H 1
| #define HAVE_UNISTD_H 1
| #define HAVE_STDLIB_H 1
| #define HAVE_STRING_H 1
| #define HAVE_UNISTD_H 1
| #define HAVE_STDBOOL_H 1
| #define HAVE_LIBPTHREAD 1
| #define HAVE_GLPK_H 1
| #define HAVE_LIBZ 1
| #define HAVE_LIBGMP 1
| #define HAVE_LIBDL 1
| #define HAVE_LIBLTDL 1
| #define HAVE_LIBGLPK 1
| /* end confdefs.h.  */
| #include <gurobi_c++.h>
configure:5261: result: no
configure:5261: checking for gurobi_c++.h
configure:5261: result: no
configure:5271: checking for GRBloadenv in -lgurobi20
configure:5296: g++ -o conftest -g -O2 -DWITH_GLPK   conftest.cpp -lgurobi20  -lglpk -lltdl -ldl -lgmp -lz -lpthread  >&5
ld: library not found for -lgurobi20
clang: error: linker command failed with exit code 1 (use -v to see invocation)
configure:5296: $? = 1
configure: failed program was:
| /* confdefs.h */
| #define PACKAGE_NAME "ractip_hom"
| #define PACKAGE_TARNAME "ractip_hom"
| #define PACKAGE_VERSION "0.0.1"
| #define PACKAGE_STRING "ractip_hom 0.0.1"
| #define PACKAGE_BUGREPORT "satoken@bio.keio.ac.jp"
| #define PACKAGE_URL ""
| #define PACKAGE "ractip_hom"
| #define VERSION "0.0.1"
| #define STDC_HEADERS 1
| #define HAVE_SYS_TYPES_H 1
| #define HAVE_SYS_STAT_H 1
| #define HAVE_STDLIB_H 1
| #define HAVE_STRING_H 1
| #define HAVE_MEMORY_H 1
| #define HAVE_STRINGS_H 1
| #define HAVE_INTTYPES_H 1
| #define HAVE_STDINT_H 1
| #define HAVE_UNISTD_H 1
| #define HAVE_STDLIB_H 1
| #define HAVE_STRING_H 1
| #define HAVE_UNISTD_H 1
| #define HAVE_STDBOOL_H 1
| #define HAVE_LIBPTHREAD 1
| #define HAVE_GLPK_H 1
| #define HAVE_LIBZ 1
| #define HAVE_LIBGMP 1
| #define HAVE_LIBDL 1
| #define HAVE_LIBLTDL 1
| #define HAVE_LIBGLPK 1
| /* end confdefs.h.  */
| 
| /* Override any GCC internal prototype to avoid an error.
|    Use char because int might match the return type of a GCC
|    builtin and then its argument prototype would still apply.  */
| #ifdef __cplusplus
| extern "C"
| #endif
| char GRBloadenv ();
| int
| main ()
| {
| return GRBloadenv ();
|   ;
|   return 0;
| }
configure:5305: result: no
configure:5323: checking for pf_fold in -lRNA
configure:5348: g++ -o conftest -g -O2 -I/usr/local/Cellar/viennarna/2.1.8/include -DWITH_GLPK  -L/usr/local/Cellar/viennarna/2.1.8/lib  conftest.cpp -lRNA  -lglpk -lltdl -ldl -lgmp -lz -lpthread  >&5
configure:5348: $? = 0
configure:5357: result: yes
configure:5368: checking ViennaRNA/ribo.h usability
configure:5368: g++ -c -g -O2 -I/usr/local/Cellar/viennarna/2.1.8/include -DWITH_GLPK  conftest.cpp >&5
configure:5368: $? = 0
configure:5368: result: yes
configure:5368: checking ViennaRNA/ribo.h presence
configure:5368: g++ -E -I/usr/local/Cellar/viennarna/2.1.8/include -DWITH_GLPK  conftest.cpp
configure:5368: $? = 0
configure:5368: result: yes
configure:5368: checking for ViennaRNA/ribo.h
configure:5368: result: yes
configure:5376: checking for energy_of_structure
configure:5376: g++ -o conftest -g -O2 -I/usr/local/Cellar/viennarna/2.1.8/include -DWITH_GLPK  -L/usr/local/Cellar/viennarna/2.1.8/lib  conftest.cpp -lRNA -lglpk -lltdl -ldl -lgmp -lz -lpthread  >&5
configure:5376: $? = 0
configure:5376: result: yes
configure:5495: checking that generated files are newer than configure
configure:5501: result: done
configure:5528: creating ./config.status

## ---------------------- ##
## Running config.status. ##
## ---------------------- ##

This file was extended by ractip_hom config.status 0.0.1, which was
generated by GNU Autoconf 2.69.  Invocation command line was

  CONFIG_FILES    = 
  CONFIG_HEADERS  = 
  CONFIG_LINKS    = 
  CONFIG_COMMANDS = 
  $ ./config.status 

on matsudatakashi-no-MacBook-Air.local

config.status:878: creating Makefile
config.status:878: creating src/Makefile
config.status:878: creating src/centroidalifold/contralign/Makefile
config.status:878: creating src/centroidalifold/probconsRNA/Makefile
config.status:878: creating config.h
config.status:1059: config.h is unchanged
config.status:1107: executing depfiles commands

## ---------------- ##
## Cache variables. ##
## ---------------- ##

ac_cv_c_compiler_gnu=yes
ac_cv_c_inline=inline
ac_cv_cxx_compiler_gnu=yes
ac_cv_env_CCC_set=
ac_cv_env_CCC_value=
ac_cv_env_CC_set=
ac_cv_env_CC_value=
ac_cv_env_CFLAGS_set=
ac_cv_env_CFLAGS_value=
ac_cv_env_CPPFLAGS_set=
ac_cv_env_CPPFLAGS_value=
ac_cv_env_CXXCPP_set=
ac_cv_env_CXXCPP_value=
ac_cv_env_CXXFLAGS_set=
ac_cv_env_CXXFLAGS_value=
ac_cv_env_CXX_set=
ac_cv_env_CXX_value=
ac_cv_env_LDFLAGS_set=
ac_cv_env_LDFLAGS_value=
ac_cv_env_LIBS_set=
ac_cv_env_LIBS_value=
ac_cv_env_build_alias_set=
ac_cv_env_build_alias_value=
ac_cv_env_host_alias_set=
ac_cv_env_host_alias_value=
ac_cv_env_target_alias_set=
ac_cv_env_target_alias_value=
ac_cv_func_energy_of_structure=yes
ac_cv_header_ViennaRNA_ribo_h=yes
ac_cv_header_glpk_h=yes
ac_cv_header_gurobi_cpp_h=no
ac_cv_header_ilconcert_ilomodel_h=no
ac_cv_header_ilcplex_ilocplex_h=no
ac_cv_header_inttypes_h=yes
ac_cv_header_memory_h=yes
ac_cv_header_stdbool_h=yes
ac_cv_header_stdc=yes
ac_cv_header_stdint_h=yes
ac_cv_header_stdlib_h=yes
ac_cv_header_string_h=yes
ac_cv_header_strings_h=yes
ac_cv_header_sys_stat_h=yes
ac_cv_header_sys_types_h=yes
ac_cv_header_unistd_h=yes
ac_cv_lib_RNA_pf_fold=yes
ac_cv_lib_concert_main=no
ac_cv_lib_cplex_main=no
ac_cv_lib_dl_main=yes
ac_cv_lib_glpk_glp_create_prob=yes
ac_cv_lib_gmp_main=yes
ac_cv_lib_gurobi20_GRBloadenv=no
ac_cv_lib_ilocplex_main=no
ac_cv_lib_ltdl_main=yes
ac_cv_lib_pthread_pthread_create=yes
ac_cv_lib_z_main=yes
ac_cv_objext=o
ac_cv_path_EGREP='/usr/bin/grep -E'
ac_cv_path_GREP=/usr/bin/grep
ac_cv_path_install='/usr/bin/install -c'
ac_cv_prog_AWK=awk
ac_cv_prog_CXXCPP='g++ -E'
ac_cv_prog_ac_ct_CC=gcc
ac_cv_prog_ac_ct_CXX=g++
ac_cv_prog_ac_ct_RANLIB=ranlib
ac_cv_prog_cc_c89=
ac_cv_prog_cc_g=yes
ac_cv_prog_cxx_g=yes
ac_cv_prog_cxx_openmp=unsupported
ac_cv_prog_make_make_set=yes
ac_cv_type__Bool=no
am_cv_CC_dependencies_compiler_type=gcc3
am_cv_CXX_dependencies_compiler_type=gcc3
am_cv_make_support_nested_variables=yes
am_cv_prog_cc_c_o=yes

## ----------------- ##
## Output variables. ##
## ----------------- ##

ACLOCAL='aclocal-1.14'
AC_CXXFLAGS=''
AMDEPBACKSLASH='\'
AMDEP_FALSE='#'
AMDEP_TRUE=''
AMTAR='$${TAR-tar}'
AM_BACKSLASH='\'
AM_DEFAULT_V='$(AM_DEFAULT_VERBOSITY)'
AM_DEFAULT_VERBOSITY='1'
AM_V='$(V)'
AUTOCONF='autoconf'
AUTOHEADER='autoheader'
AUTOMAKE='automake-1.14'
AWK='awk'
CC='gcc'
CCDEPMODE='depmode=gcc3'
CFLAGS='-g -O2'
CPPFLAGS='-I/usr/local/Cellar/viennarna/2.1.8/include -DWITH_GLPK '
CXX='g++'
CXXCPP='g++ -E'
CXXDEPMODE='depmode=gcc3'
CXXFLAGS='-g -O2'
CYGPATH_W='echo'
DEFS='-DHAVE_CONFIG_H'
DEPDIR='.deps'
ECHO_C='\c'
ECHO_N=''
ECHO_T=''
EGREP='/usr/bin/grep -E'
EXEEXT=''
GREP='/usr/bin/grep'
INSTALL_DATA='${INSTALL} -m 644'
INSTALL_PROGRAM='${INSTALL}'
INSTALL_SCRIPT='${INSTALL}'
INSTALL_STRIP_PROGRAM='$(install_sh) -c -s'
LDFLAGS='-L/usr/local/Cellar/viennarna/2.1.8/lib '
LIBOBJS=''
LIBS='-lRNA -lglpk -lltdl -ldl -lgmp -lz -lpthread '
LTLIBOBJS=''
MAKEINFO='makeinfo'
MKDIR_P='./install-sh -c -d'
OBJEXT='o'
OPENMP_CXXFLAGS=''
PACKAGE='ractip_hom'
PACKAGE_BUGREPORT='satoken@bio.keio.ac.jp'
PACKAGE_NAME='ractip_hom'
PACKAGE_STRING='ractip_hom 0.0.1'
PACKAGE_TARNAME='ractip_hom'
PACKAGE_URL=''
PACKAGE_VERSION='0.0.1'
PATH_SEPARATOR=':'
RANLIB='ranlib'
SET_MAKE=''
SHELL='/bin/sh'
STRIP=''
VERSION='0.0.1'
ac_ct_CC='gcc'
ac_ct_CXX='g++'
am__EXEEXT_FALSE=''
am__EXEEXT_TRUE='#'
am__fastdepCC_FALSE='#'
am__fastdepCC_TRUE=''
am__fastdepCXX_FALSE='#'
am__fastdepCXX_TRUE=''
am__include='include'
am__isrc=''
am__leading_dot='.'
am__nodep='_no'
am__quote=''
am__tar='$${TAR-tar} chof - "$$tardir"'
am__untar='$${TAR-tar} xf -'
bindir='${exec_prefix}/bin'
build_alias=''
datadir='${datarootdir}'
datarootdir='${prefix}/share'
docdir='${datarootdir}/doc/${PACKAGE_TARNAME}'
dvidir='${docdir}'
exec_prefix='${prefix}'
host_alias=''
htmldir='${docdir}'
includedir='${prefix}/include'
infodir='${datarootdir}/info'
install_sh='${SHELL} /Users/takashi/cbrc/ractip_hom/install-sh'
libdir='${exec_prefix}/lib'
libexecdir='${exec_prefix}/libexec'
localedir='${datarootdir}/locale'
localstatedir='${prefix}/var'
mandir='${datarootdir}/man'
mkdir_p='$(MKDIR_P)'
oldincludedir='/usr/include'
pdfdir='${docdir}'
prefix='/usr/local'
program_transform_name='s,x,x,'
psdir='${docdir}'
sbindir='${exec_prefix}/sbin'
sharedstatedir='${prefix}/com'
sysconfdir='${prefix}/etc'
target_alias=''

## ----------- ##
## confdefs.h. ##
## ----------- ##

/* confdefs.h */
#define PACKAGE_NAME "ractip_hom"
#define PACKAGE_TARNAME "ractip_hom"
#define PACKAGE_VERSION "0.0.1"
#define PACKAGE_STRING "ractip_hom 0.0.1"
#define PACKAGE_BUGREPORT "satoken@bio.keio.ac.jp"
#define PACKAGE_URL ""
#define PACKAGE "ractip_hom"
#define VERSION "0.0.1"
#define STDC_HEADERS 1
#define HAVE_SYS_TYPES_H 1
#define HAVE_SYS_STAT_H 1
#define HAVE_STDLIB_H 1
#define HAVE_STRING_H 1
#define HAVE_MEMORY_H 1
#define HAVE_STRINGS_H 1
#define HAVE_INTTYPES_H 1
#define HAVE_STDINT_H 1
#define HAVE_UNISTD_H 1
#define HAVE_STDLIB_H 1
#define HAVE_STRING_H 1
#define HAVE_UNISTD_H 1
#define HAVE_STDBOOL_H 1
#define HAVE_LIBPTHREAD 1
#define HAVE_GLPK_H 1
#define HAVE_LIBZ 1
#define HAVE_LIBGMP 1
#define HAVE_LIBDL 1
#define HAVE_LIBLTDL 1
#define HAVE_LIBGLPK 1
#define HAVE_LIBRNA 1
#define HAVE_VIENNA18 /**/
#define HAVE_VIENNA20 /**/

configure: exit 0

## ---------------------- ##
## Running config.status. ##
## ---------------------- ##

This file was extended by ractip_hom config.status 0.0.1, which was
generated by GNU Autoconf 2.69.  Invocation command line was

  CONFIG_FILES    = 
  CONFIG_HEADERS  = 
  CONFIG_LINKS    = 
  CONFIG_COMMANDS = 
  $ ./config.status config.h

on matsudatakashi-no-MacBook-Air.local

config.status:878: creating config.h
config.status:1059: config.h is unchanged
